<?xml version="1.0" encoding="UTF-8"?>
<!-- Generated by org.testng.reporters.JUnitReportReporter -->
<testsuite hostname="gandhia-W03" name="com.cocoin.n26task.tests.Login" tests="1" failures="0" timestamp="23 Jun 2018 22:11:09 GMT" time="41.935" errors="0">
  <testcase name="login" time="41.935" classname="com.cocoin.n26task.tests.Login"/>
</testsuite> <!-- com.cocoin.n26task.tests.Login -->
