<?xml version="1.0" encoding="UTF-8"?>
<!-- Generated by org.testng.reporters.JUnitReportReporter -->
<testsuite hostname="gandhia-W03" name="com.cocoin.n26task.tests.AddRecord" tests="1" failures="0" timestamp="23 Jun 2018 13:21:57 GMT" time="22.751" errors="0">
  <testcase name="addRecord" time="22.751" classname="com.cocoin.n26task.tests.AddRecord"/>
</testsuite> <!-- com.cocoin.n26task.tests.AddRecord -->
