<?xml version="1.0" encoding="UTF-8"?>
<!-- Generated by org.testng.reporters.JUnitReportReporter -->
<testsuite hostname="gandhia-W03" name="com.cocoin.n26task.tests.TestsJava" tests="1" failures="0" timestamp="22 Jun 2018 20:06:58 GMT" time="53.256" errors="0">
  <testcase name="login" time="53.256" classname="com.cocoin.n26task.tests.TestsJava"/>
</testsuite> <!-- com.cocoin.n26task.tests.TestsJava -->
