<?xml version="1.0" encoding="UTF-8"?>
<!-- Generated by org.testng.reporters.JUnitReportReporter -->
<testsuite hostname="gandhia-W03" name="com.cocoin.n26task.tests.DefaultValue" tests="1" failures="0" timestamp="23 Jun 2018 23:04:16 GMT" time="42.736" errors="0">
  <testcase name="login" time="42.736" classname="com.cocoin.n26task.tests.DefaultValue"/>
</testsuite> <!-- com.cocoin.n26task.tests.DefaultValue -->
