<?xml version="1.0" encoding="UTF-8"?>
<!-- Generated by org.testng.reporters.JUnitReportReporter -->
<testsuite hostname="gandhia-W03" name="com.cocoin.n26task.tests.Tests" tests="2" failures="0" timestamp="23 Jun 2018 05:00:49 GMT" time="52.087" errors="0">
  <testcase name="addRecord" time="14.082" classname="com.cocoin.n26task.tests.Tests"/>
  <testcase name="login" time="38.005" classname="com.cocoin.n26task.tests.Tests"/>
</testsuite> <!-- com.cocoin.n26task.tests.Tests -->
