<?xml version="1.0" encoding="UTF-8"?>
<!-- Generated by org.testng.reporters.JUnitReportReporter -->
<testsuite hostname="gandhia-W03" name="com.cocoin.n26task.tests.SetExpenseLimit" tests="1" failures="0" timestamp="23 Jun 2018 23:04:16 GMT" time="85.892" errors="0">
  <testcase name="addRecord" time="85.892" classname="com.cocoin.n26task.tests.SetExpenseLimit"/>
</testsuite> <!-- com.cocoin.n26task.tests.SetExpenseLimit -->
